<?xml version="1.0" encoding="UTF-8"?>
<testsuite name="org.forYoink.service.translator.TestTranslatorFINAL" tests="4" skipped="0" failures="0" errors="0" timestamp="2016-11-23T16:43:55" hostname="DEN2.UNI-MUENSTER.DE" time="9.639">
  <properties/>
  <testcase name="test getProperties" classname="org.forYoink.service.translator.TestTranslatorFINAL" time="2.652"/>
  <testcase name="test translateToAtom" classname="org.forYoink.service.translator.TestTranslatorFINAL" time="2.332"/>
  <testcase name="test translateToMolecule" classname="org.forYoink.service.translator.TestTranslatorFINAL" time="2.345"/>
  <testcase name="test translate" classname="org.forYoink.service.translator.TestTranslatorFINAL" time="2.309"/>
  <system-out><![CDATA[17:43:55.985 [Test worker] DEBUG org.springframework.core.io.support.PathMatchingResourcePatternResolver - Looking for matching resources in directory tree [/Users/christian/IdeaProjects/MasterNode/MasterNode-yoink/./src/test/groovy/org/forYoink/service/reader/resources]
17:43:55.986 [Test worker] DEBUG org.springframework.core.io.support.PathMatchingResourcePatternResolver - Searching directory [/Users/christian/IdeaProjects/MasterNode/MasterNode-yoink/./src/test/groovy/org/forYoink/service/reader/resources] for files matching pattern [/Users/christian/IdeaProjects/MasterNode/MasterNode-yoink/./src/test/groovy/org/forYoink/service/reader/resources/*.xml]
17:43:55.986 [Test worker] DEBUG org.springframework.core.io.support.PathMatchingResourcePatternResolver - Resolved location pattern [file:./src/test/groovy/org/forYoink/service/reader/resources/*.xml] to resources [file [/Users/christian/IdeaProjects/MasterNode/MasterNode-yoink/./src/test/groovy/org/forYoink/service/reader/resources/4y1g.xml], file [/Users/christian/IdeaProjects/MasterNode/MasterNode-yoink/./src/test/groovy/org/forYoink/service/reader/resources/5a0c.xml]]
Reading /Users/christian/IdeaProjects/MasterNode/MasterNode-yoink/./src/test/groovy/org/forYoink/service/reader/resources/5a0c.xml
Reading /Users/christian/IdeaProjects/MasterNode/MasterNode-yoink/./src/test/groovy/org/forYoink/service/reader/resources/4y1g.xml
17:43:58.637 [Test worker] DEBUG org.springframework.core.io.support.PathMatchingResourcePatternResolver - Looking for matching resources in directory tree [/Users/christian/IdeaProjects/MasterNode/MasterNode-yoink/./src/test/groovy/org/forYoink/service/reader/resources]
17:43:58.637 [Test worker] DEBUG org.springframework.core.io.support.PathMatchingResourcePatternResolver - Searching directory [/Users/christian/IdeaProjects/MasterNode/MasterNode-yoink/./src/test/groovy/org/forYoink/service/reader/resources] for files matching pattern [/Users/christian/IdeaProjects/MasterNode/MasterNode-yoink/./src/test/groovy/org/forYoink/service/reader/resources/*.xml]
17:43:58.638 [Test worker] DEBUG org.springframework.core.io.support.PathMatchingResourcePatternResolver - Resolved location pattern [file:./src/test/groovy/org/forYoink/service/reader/resources/*.xml] to resources [file [/Users/christian/IdeaProjects/MasterNode/MasterNode-yoink/./src/test/groovy/org/forYoink/service/reader/resources/4y1g.xml], file [/Users/christian/IdeaProjects/MasterNode/MasterNode-yoink/./src/test/groovy/org/forYoink/service/reader/resources/5a0c.xml]]
Reading /Users/christian/IdeaProjects/MasterNode/MasterNode-yoink/./src/test/groovy/org/forYoink/service/reader/resources/5a0c.xml
number of Atoms: 3848
Reading /Users/christian/IdeaProjects/MasterNode/MasterNode-yoink/./src/test/groovy/org/forYoink/service/reader/resources/4y1g.xml
number of Atoms: 2714
17:44:00.970 [Test worker] DEBUG org.springframework.core.io.support.PathMatchingResourcePatternResolver - Looking for matching resources in directory tree [/Users/christian/IdeaProjects/MasterNode/MasterNode-yoink/./src/test/groovy/org/forYoink/service/reader/resources]
17:44:00.970 [Test worker] DEBUG org.springframework.core.io.support.PathMatchingResourcePatternResolver - Searching directory [/Users/christian/IdeaProjects/MasterNode/MasterNode-yoink/./src/test/groovy/org/forYoink/service/reader/resources] for files matching pattern [/Users/christian/IdeaProjects/MasterNode/MasterNode-yoink/./src/test/groovy/org/forYoink/service/reader/resources/*.xml]
17:44:00.970 [Test worker] DEBUG org.springframework.core.io.support.PathMatchingResourcePatternResolver - Resolved location pattern [file:./src/test/groovy/org/forYoink/service/reader/resources/*.xml] to resources [file [/Users/christian/IdeaProjects/MasterNode/MasterNode-yoink/./src/test/groovy/org/forYoink/service/reader/resources/4y1g.xml], file [/Users/christian/IdeaProjects/MasterNode/MasterNode-yoink/./src/test/groovy/org/forYoink/service/reader/resources/5a0c.xml]]
Reading /Users/christian/IdeaProjects/MasterNode/MasterNode-yoink/./src/test/groovy/org/forYoink/service/reader/resources/5a0c.xml
number of Atoms: 3848
Reading /Users/christian/IdeaProjects/MasterNode/MasterNode-yoink/./src/test/groovy/org/forYoink/service/reader/resources/4y1g.xml
number of Atoms: 2714
17:44:03.315 [Test worker] DEBUG org.springframework.core.io.support.PathMatchingResourcePatternResolver - Looking for matching resources in directory tree [/Users/christian/IdeaProjects/MasterNode/MasterNode-yoink/./src/test/groovy/org/forYoink/service/reader/resources]
17:44:03.315 [Test worker] DEBUG org.springframework.core.io.support.PathMatchingResourcePatternResolver - Searching directory [/Users/christian/IdeaProjects/MasterNode/MasterNode-yoink/./src/test/groovy/org/forYoink/service/reader/resources] for files matching pattern [/Users/christian/IdeaProjects/MasterNode/MasterNode-yoink/./src/test/groovy/org/forYoink/service/reader/resources/*.xml]
17:44:03.316 [Test worker] DEBUG org.springframework.core.io.support.PathMatchingResourcePatternResolver - Resolved location pattern [file:./src/test/groovy/org/forYoink/service/reader/resources/*.xml] to resources [file [/Users/christian/IdeaProjects/MasterNode/MasterNode-yoink/./src/test/groovy/org/forYoink/service/reader/resources/4y1g.xml], file [/Users/christian/IdeaProjects/MasterNode/MasterNode-yoink/./src/test/groovy/org/forYoink/service/reader/resources/5a0c.xml]]
Reading /Users/christian/IdeaProjects/MasterNode/MasterNode-yoink/./src/test/groovy/org/forYoink/service/reader/resources/5a0c.xml
number of Atoms: 3848
Reading /Users/christian/IdeaProjects/MasterNode/MasterNode-yoink/./src/test/groovy/org/forYoink/service/reader/resources/4y1g.xml
number of Atoms: 2714
]]></system-out>
  <system-err><![CDATA[]]></system-err>
</testsuite>
