<?xml version="1.0" encoding="UTF-8"?>
<testsuite name="org.forYoink.domain.TestSimpleMolecule" tests="2" skipped="0" failures="0" errors="0" timestamp="2016-11-23T16:43:51" hostname="DEN2.UNI-MUENSTER.DE" time="0.006">
  <properties/>
  <testcase name="test constructor" classname="org.forYoink.domain.TestSimpleMolecule" time="0.003"/>
  <testcase name="test getter and setter" classname="org.forYoink.domain.TestSimpleMolecule" time="0.003"/>
  <system-out><![CDATA[]]></system-out>
  <system-err><![CDATA[]]></system-err>
</testsuite>
