<?xml version="1.0" encoding="UTF-8"?>
<testsuite name="org.forYoink.service.reader.TestPdbmlReader" tests="2" skipped="0" failures="0" errors="0" timestamp="2016-11-23T16:43:51" hostname="DEN2.UNI-MUENSTER.DE" time="4.894">
  <properties/>
  <testcase name="testing read v40 PdbmlFiles" classname="org.forYoink.service.reader.TestPdbmlReader" time="2.723"/>
  <testcase name="testing read v42 PdbmlFiles" classname="org.forYoink.service.reader.TestPdbmlReader" time="2.171"/>
  <system-out><![CDATA[17:43:51.124 [Test worker] DEBUG org.springframework.core.io.support.PathMatchingResourcePatternResolver - Looking for matching resources in directory tree [/Users/christian/IdeaProjects/MasterNode/MasterNode-yoink/./src/test/groovy/org/forYoink/service/reader/resources]
17:43:51.126 [Test worker] DEBUG org.springframework.core.io.support.PathMatchingResourcePatternResolver - Searching directory [/Users/christian/IdeaProjects/MasterNode/MasterNode-yoink/./src/test/groovy/org/forYoink/service/reader/resources] for files matching pattern [/Users/christian/IdeaProjects/MasterNode/MasterNode-yoink/./src/test/groovy/org/forYoink/service/reader/resources/*.xml]
17:43:51.128 [Test worker] DEBUG org.springframework.core.io.support.PathMatchingResourcePatternResolver - Resolved location pattern [file:./src/test/groovy/org/forYoink/service/reader/resources/*.xml] to resources [file [/Users/christian/IdeaProjects/MasterNode/MasterNode-yoink/./src/test/groovy/org/forYoink/service/reader/resources/4y1g.xml], file [/Users/christian/IdeaProjects/MasterNode/MasterNode-yoink/./src/test/groovy/org/forYoink/service/reader/resources/5a0c.xml]]
Reading /Users/christian/IdeaProjects/MasterNode/MasterNode-yoink/./src/test/groovy/org/forYoink/service/reader/resources/5a0c.xml
17:43:53.810 [Test worker] DEBUG org.springframework.core.io.support.PathMatchingResourcePatternResolver - Looking for matching resources in directory tree [/Users/christian/IdeaProjects/MasterNode/MasterNode-yoink/./src/test/groovy/org/forYoink/service/reader/resources]
17:43:53.811 [Test worker] DEBUG org.springframework.core.io.support.PathMatchingResourcePatternResolver - Searching directory [/Users/christian/IdeaProjects/MasterNode/MasterNode-yoink/./src/test/groovy/org/forYoink/service/reader/resources] for files matching pattern [/Users/christian/IdeaProjects/MasterNode/MasterNode-yoink/./src/test/groovy/org/forYoink/service/reader/resources/*.xml]
17:43:53.811 [Test worker] DEBUG org.springframework.core.io.support.PathMatchingResourcePatternResolver - Resolved location pattern [file:./src/test/groovy/org/forYoink/service/reader/resources/*.xml] to resources [file [/Users/christian/IdeaProjects/MasterNode/MasterNode-yoink/./src/test/groovy/org/forYoink/service/reader/resources/4y1g.xml], file [/Users/christian/IdeaProjects/MasterNode/MasterNode-yoink/./src/test/groovy/org/forYoink/service/reader/resources/5a0c.xml]]
Reading /Users/christian/IdeaProjects/MasterNode/MasterNode-yoink/./src/test/groovy/org/forYoink/service/reader/resources/4y1g.xml
]]></system-out>
  <system-err><![CDATA[]]></system-err>
</testsuite>
