<?xml version="1.0" encoding="UTF-8"?>
<testsuite name="org.forYoink.service.translator.TestTranslatorFINAL" tests="4" skipped="0" failures="0" errors="0" timestamp="2016-12-02T08:49:39" hostname="DEN2.UNI-MUENSTER.DE" time="9.924">
  <properties/>
  <testcase name="test getProperties" classname="org.forYoink.service.translator.TestTranslatorFINAL" time="2.564"/>
  <testcase name="test translateToAtom" classname="org.forYoink.service.translator.TestTranslatorFINAL" time="2.572"/>
  <testcase name="test translateToMolecule" classname="org.forYoink.service.translator.TestTranslatorFINAL" time="2.402"/>
  <testcase name="test translate" classname="org.forYoink.service.translator.TestTranslatorFINAL" time="2.385"/>
  <system-out><![CDATA[09:49:39.632 [Test worker] DEBUG org.springframework.core.io.support.PathMatchingResourcePatternResolver - Looking for matching resources in directory tree [/Users/christian/IdeaProjects/MasterNode/MasterNode-yoink/./src/test/groovy/org/forYoink/service/reader/resources]
09:49:39.632 [Test worker] DEBUG org.springframework.core.io.support.PathMatchingResourcePatternResolver - Searching directory [/Users/christian/IdeaProjects/MasterNode/MasterNode-yoink/./src/test/groovy/org/forYoink/service/reader/resources] for files matching pattern [/Users/christian/IdeaProjects/MasterNode/MasterNode-yoink/./src/test/groovy/org/forYoink/service/reader/resources/*.xml]
09:49:39.633 [Test worker] DEBUG org.springframework.core.io.support.PathMatchingResourcePatternResolver - Resolved location pattern [file:./src/test/groovy/org/forYoink/service/reader/resources/*.xml] to resources [file [/Users/christian/IdeaProjects/MasterNode/MasterNode-yoink/./src/test/groovy/org/forYoink/service/reader/resources/4y1g.xml], file [/Users/christian/IdeaProjects/MasterNode/MasterNode-yoink/./src/test/groovy/org/forYoink/service/reader/resources/5a0c.xml]]
Reading /Users/christian/IdeaProjects/MasterNode/MasterNode-yoink/./src/test/groovy/org/forYoink/service/reader/resources/5a0c.xml
Reading /Users/christian/IdeaProjects/MasterNode/MasterNode-yoink/./src/test/groovy/org/forYoink/service/reader/resources/4y1g.xml
09:49:42.196 [Test worker] DEBUG org.springframework.core.io.support.PathMatchingResourcePatternResolver - Looking for matching resources in directory tree [/Users/christian/IdeaProjects/MasterNode/MasterNode-yoink/./src/test/groovy/org/forYoink/service/reader/resources]
09:49:42.196 [Test worker] DEBUG org.springframework.core.io.support.PathMatchingResourcePatternResolver - Searching directory [/Users/christian/IdeaProjects/MasterNode/MasterNode-yoink/./src/test/groovy/org/forYoink/service/reader/resources] for files matching pattern [/Users/christian/IdeaProjects/MasterNode/MasterNode-yoink/./src/test/groovy/org/forYoink/service/reader/resources/*.xml]
09:49:42.197 [Test worker] DEBUG org.springframework.core.io.support.PathMatchingResourcePatternResolver - Resolved location pattern [file:./src/test/groovy/org/forYoink/service/reader/resources/*.xml] to resources [file [/Users/christian/IdeaProjects/MasterNode/MasterNode-yoink/./src/test/groovy/org/forYoink/service/reader/resources/4y1g.xml], file [/Users/christian/IdeaProjects/MasterNode/MasterNode-yoink/./src/test/groovy/org/forYoink/service/reader/resources/5a0c.xml]]
Reading /Users/christian/IdeaProjects/MasterNode/MasterNode-yoink/./src/test/groovy/org/forYoink/service/reader/resources/5a0c.xml
number of Atoms: 3848
Reading /Users/christian/IdeaProjects/MasterNode/MasterNode-yoink/./src/test/groovy/org/forYoink/service/reader/resources/4y1g.xml
number of Atoms: 2714
09:49:44.769 [Test worker] DEBUG org.springframework.core.io.support.PathMatchingResourcePatternResolver - Looking for matching resources in directory tree [/Users/christian/IdeaProjects/MasterNode/MasterNode-yoink/./src/test/groovy/org/forYoink/service/reader/resources]
09:49:44.769 [Test worker] DEBUG org.springframework.core.io.support.PathMatchingResourcePatternResolver - Searching directory [/Users/christian/IdeaProjects/MasterNode/MasterNode-yoink/./src/test/groovy/org/forYoink/service/reader/resources] for files matching pattern [/Users/christian/IdeaProjects/MasterNode/MasterNode-yoink/./src/test/groovy/org/forYoink/service/reader/resources/*.xml]
09:49:44.770 [Test worker] DEBUG org.springframework.core.io.support.PathMatchingResourcePatternResolver - Resolved location pattern [file:./src/test/groovy/org/forYoink/service/reader/resources/*.xml] to resources [file [/Users/christian/IdeaProjects/MasterNode/MasterNode-yoink/./src/test/groovy/org/forYoink/service/reader/resources/4y1g.xml], file [/Users/christian/IdeaProjects/MasterNode/MasterNode-yoink/./src/test/groovy/org/forYoink/service/reader/resources/5a0c.xml]]
Reading /Users/christian/IdeaProjects/MasterNode/MasterNode-yoink/./src/test/groovy/org/forYoink/service/reader/resources/5a0c.xml
number of Atoms: 3848
Reading /Users/christian/IdeaProjects/MasterNode/MasterNode-yoink/./src/test/groovy/org/forYoink/service/reader/resources/4y1g.xml
number of Atoms: 2714
09:49:47.172 [Test worker] DEBUG org.springframework.core.io.support.PathMatchingResourcePatternResolver - Looking for matching resources in directory tree [/Users/christian/IdeaProjects/MasterNode/MasterNode-yoink/./src/test/groovy/org/forYoink/service/reader/resources]
09:49:47.172 [Test worker] DEBUG org.springframework.core.io.support.PathMatchingResourcePatternResolver - Searching directory [/Users/christian/IdeaProjects/MasterNode/MasterNode-yoink/./src/test/groovy/org/forYoink/service/reader/resources] for files matching pattern [/Users/christian/IdeaProjects/MasterNode/MasterNode-yoink/./src/test/groovy/org/forYoink/service/reader/resources/*.xml]
09:49:47.172 [Test worker] DEBUG org.springframework.core.io.support.PathMatchingResourcePatternResolver - Resolved location pattern [file:./src/test/groovy/org/forYoink/service/reader/resources/*.xml] to resources [file [/Users/christian/IdeaProjects/MasterNode/MasterNode-yoink/./src/test/groovy/org/forYoink/service/reader/resources/4y1g.xml], file [/Users/christian/IdeaProjects/MasterNode/MasterNode-yoink/./src/test/groovy/org/forYoink/service/reader/resources/5a0c.xml]]
Reading /Users/christian/IdeaProjects/MasterNode/MasterNode-yoink/./src/test/groovy/org/forYoink/service/reader/resources/5a0c.xml
number of Atoms: 3848
Reading /Users/christian/IdeaProjects/MasterNode/MasterNode-yoink/./src/test/groovy/org/forYoink/service/reader/resources/4y1g.xml
number of Atoms: 2714
]]></system-out>
  <system-err><![CDATA[]]></system-err>
</testsuite>
