<?xml version="1.0" encoding="UTF-8"?>
<testsuite name="org.forYoink.service.translator.TestTranslatorFINAL" tests="4" skipped="0" failures="0" errors="0" timestamp="2016-11-24T14:59:39" hostname="DEN2.UNI-MUENSTER.DE" time="9.394">
  <properties/>
  <testcase name="test getProperties" classname="org.forYoink.service.translator.TestTranslatorFINAL" time="2.34"/>
  <testcase name="test translateToAtom" classname="org.forYoink.service.translator.TestTranslatorFINAL" time="2.331"/>
  <testcase name="test translateToMolecule" classname="org.forYoink.service.translator.TestTranslatorFINAL" time="2.338"/>
  <testcase name="test translate" classname="org.forYoink.service.translator.TestTranslatorFINAL" time="2.384"/>
  <system-out><![CDATA[15:59:39.701 [Test worker] DEBUG org.springframework.core.io.support.PathMatchingResourcePatternResolver - Looking for matching resources in directory tree [/Users/christian/IdeaProjects/MasterNode/MasterNode-yoink/./src/test/groovy/org/forYoink/service/reader/resources]
15:59:39.701 [Test worker] DEBUG org.springframework.core.io.support.PathMatchingResourcePatternResolver - Searching directory [/Users/christian/IdeaProjects/MasterNode/MasterNode-yoink/./src/test/groovy/org/forYoink/service/reader/resources] for files matching pattern [/Users/christian/IdeaProjects/MasterNode/MasterNode-yoink/./src/test/groovy/org/forYoink/service/reader/resources/*.xml]
15:59:39.702 [Test worker] DEBUG org.springframework.core.io.support.PathMatchingResourcePatternResolver - Resolved location pattern [file:./src/test/groovy/org/forYoink/service/reader/resources/*.xml] to resources [file [/Users/christian/IdeaProjects/MasterNode/MasterNode-yoink/./src/test/groovy/org/forYoink/service/reader/resources/4y1g.xml], file [/Users/christian/IdeaProjects/MasterNode/MasterNode-yoink/./src/test/groovy/org/forYoink/service/reader/resources/5a0c.xml]]
Reading /Users/christian/IdeaProjects/MasterNode/MasterNode-yoink/./src/test/groovy/org/forYoink/service/reader/resources/5a0c.xml
Reading /Users/christian/IdeaProjects/MasterNode/MasterNode-yoink/./src/test/groovy/org/forYoink/service/reader/resources/4y1g.xml
15:59:42.041 [Test worker] DEBUG org.springframework.core.io.support.PathMatchingResourcePatternResolver - Looking for matching resources in directory tree [/Users/christian/IdeaProjects/MasterNode/MasterNode-yoink/./src/test/groovy/org/forYoink/service/reader/resources]
15:59:42.041 [Test worker] DEBUG org.springframework.core.io.support.PathMatchingResourcePatternResolver - Searching directory [/Users/christian/IdeaProjects/MasterNode/MasterNode-yoink/./src/test/groovy/org/forYoink/service/reader/resources] for files matching pattern [/Users/christian/IdeaProjects/MasterNode/MasterNode-yoink/./src/test/groovy/org/forYoink/service/reader/resources/*.xml]
15:59:42.042 [Test worker] DEBUG org.springframework.core.io.support.PathMatchingResourcePatternResolver - Resolved location pattern [file:./src/test/groovy/org/forYoink/service/reader/resources/*.xml] to resources [file [/Users/christian/IdeaProjects/MasterNode/MasterNode-yoink/./src/test/groovy/org/forYoink/service/reader/resources/4y1g.xml], file [/Users/christian/IdeaProjects/MasterNode/MasterNode-yoink/./src/test/groovy/org/forYoink/service/reader/resources/5a0c.xml]]
Reading /Users/christian/IdeaProjects/MasterNode/MasterNode-yoink/./src/test/groovy/org/forYoink/service/reader/resources/5a0c.xml
number of Atoms: 3848
Reading /Users/christian/IdeaProjects/MasterNode/MasterNode-yoink/./src/test/groovy/org/forYoink/service/reader/resources/4y1g.xml
number of Atoms: 2714
15:59:44.372 [Test worker] DEBUG org.springframework.core.io.support.PathMatchingResourcePatternResolver - Looking for matching resources in directory tree [/Users/christian/IdeaProjects/MasterNode/MasterNode-yoink/./src/test/groovy/org/forYoink/service/reader/resources]
15:59:44.372 [Test worker] DEBUG org.springframework.core.io.support.PathMatchingResourcePatternResolver - Searching directory [/Users/christian/IdeaProjects/MasterNode/MasterNode-yoink/./src/test/groovy/org/forYoink/service/reader/resources] for files matching pattern [/Users/christian/IdeaProjects/MasterNode/MasterNode-yoink/./src/test/groovy/org/forYoink/service/reader/resources/*.xml]
15:59:44.373 [Test worker] DEBUG org.springframework.core.io.support.PathMatchingResourcePatternResolver - Resolved location pattern [file:./src/test/groovy/org/forYoink/service/reader/resources/*.xml] to resources [file [/Users/christian/IdeaProjects/MasterNode/MasterNode-yoink/./src/test/groovy/org/forYoink/service/reader/resources/4y1g.xml], file [/Users/christian/IdeaProjects/MasterNode/MasterNode-yoink/./src/test/groovy/org/forYoink/service/reader/resources/5a0c.xml]]
Reading /Users/christian/IdeaProjects/MasterNode/MasterNode-yoink/./src/test/groovy/org/forYoink/service/reader/resources/5a0c.xml
number of Atoms: 3848
Reading /Users/christian/IdeaProjects/MasterNode/MasterNode-yoink/./src/test/groovy/org/forYoink/service/reader/resources/4y1g.xml
number of Atoms: 2714
15:59:46.711 [Test worker] DEBUG org.springframework.core.io.support.PathMatchingResourcePatternResolver - Looking for matching resources in directory tree [/Users/christian/IdeaProjects/MasterNode/MasterNode-yoink/./src/test/groovy/org/forYoink/service/reader/resources]
15:59:46.711 [Test worker] DEBUG org.springframework.core.io.support.PathMatchingResourcePatternResolver - Searching directory [/Users/christian/IdeaProjects/MasterNode/MasterNode-yoink/./src/test/groovy/org/forYoink/service/reader/resources] for files matching pattern [/Users/christian/IdeaProjects/MasterNode/MasterNode-yoink/./src/test/groovy/org/forYoink/service/reader/resources/*.xml]
15:59:46.711 [Test worker] DEBUG org.springframework.core.io.support.PathMatchingResourcePatternResolver - Resolved location pattern [file:./src/test/groovy/org/forYoink/service/reader/resources/*.xml] to resources [file [/Users/christian/IdeaProjects/MasterNode/MasterNode-yoink/./src/test/groovy/org/forYoink/service/reader/resources/4y1g.xml], file [/Users/christian/IdeaProjects/MasterNode/MasterNode-yoink/./src/test/groovy/org/forYoink/service/reader/resources/5a0c.xml]]
Reading /Users/christian/IdeaProjects/MasterNode/MasterNode-yoink/./src/test/groovy/org/forYoink/service/reader/resources/5a0c.xml
number of Atoms: 3848
Reading /Users/christian/IdeaProjects/MasterNode/MasterNode-yoink/./src/test/groovy/org/forYoink/service/reader/resources/4y1g.xml
number of Atoms: 2714
]]></system-out>
  <system-err><![CDATA[]]></system-err>
</testsuite>
