<?xml version="1.0" encoding="UTF-8"?>
<testsuite name="org.forYoink.service.reader.TestPdbmlReader" tests="2" skipped="0" failures="0" errors="0" timestamp="2016-11-24T14:59:34" hostname="DEN2.UNI-MUENSTER.DE" time="5.16">
  <properties/>
  <testcase name="testing read v40 PdbmlFiles" classname="org.forYoink.service.reader.TestPdbmlReader" time="2.628"/>
  <testcase name="testing read v42 PdbmlFiles" classname="org.forYoink.service.reader.TestPdbmlReader" time="2.532"/>
  <system-out><![CDATA[15:59:34.572 [Test worker] DEBUG org.springframework.core.io.support.PathMatchingResourcePatternResolver - Looking for matching resources in directory tree [/Users/christian/IdeaProjects/MasterNode/MasterNode-yoink/./src/test/groovy/org/forYoink/service/reader/resources]
15:59:34.574 [Test worker] DEBUG org.springframework.core.io.support.PathMatchingResourcePatternResolver - Searching directory [/Users/christian/IdeaProjects/MasterNode/MasterNode-yoink/./src/test/groovy/org/forYoink/service/reader/resources] for files matching pattern [/Users/christian/IdeaProjects/MasterNode/MasterNode-yoink/./src/test/groovy/org/forYoink/service/reader/resources/*.xml]
15:59:34.576 [Test worker] DEBUG org.springframework.core.io.support.PathMatchingResourcePatternResolver - Resolved location pattern [file:./src/test/groovy/org/forYoink/service/reader/resources/*.xml] to resources [file [/Users/christian/IdeaProjects/MasterNode/MasterNode-yoink/./src/test/groovy/org/forYoink/service/reader/resources/4y1g.xml], file [/Users/christian/IdeaProjects/MasterNode/MasterNode-yoink/./src/test/groovy/org/forYoink/service/reader/resources/5a0c.xml]]
Reading /Users/christian/IdeaProjects/MasterNode/MasterNode-yoink/./src/test/groovy/org/forYoink/service/reader/resources/5a0c.xml
15:59:37.165 [Test worker] DEBUG org.springframework.core.io.support.PathMatchingResourcePatternResolver - Looking for matching resources in directory tree [/Users/christian/IdeaProjects/MasterNode/MasterNode-yoink/./src/test/groovy/org/forYoink/service/reader/resources]
15:59:37.165 [Test worker] DEBUG org.springframework.core.io.support.PathMatchingResourcePatternResolver - Searching directory [/Users/christian/IdeaProjects/MasterNode/MasterNode-yoink/./src/test/groovy/org/forYoink/service/reader/resources] for files matching pattern [/Users/christian/IdeaProjects/MasterNode/MasterNode-yoink/./src/test/groovy/org/forYoink/service/reader/resources/*.xml]
15:59:37.166 [Test worker] DEBUG org.springframework.core.io.support.PathMatchingResourcePatternResolver - Resolved location pattern [file:./src/test/groovy/org/forYoink/service/reader/resources/*.xml] to resources [file [/Users/christian/IdeaProjects/MasterNode/MasterNode-yoink/./src/test/groovy/org/forYoink/service/reader/resources/4y1g.xml], file [/Users/christian/IdeaProjects/MasterNode/MasterNode-yoink/./src/test/groovy/org/forYoink/service/reader/resources/5a0c.xml]]
Reading /Users/christian/IdeaProjects/MasterNode/MasterNode-yoink/./src/test/groovy/org/forYoink/service/reader/resources/4y1g.xml
]]></system-out>
  <system-err><![CDATA[]]></system-err>
</testsuite>
